\BOOKMARK [1][-]{section.1}{contents page}{}% 1
\BOOKMARK [1][-]{section.2}{Introduction}{}% 2
\BOOKMARK [1][-]{section.3}{Disclaimer}{}% 3
\BOOKMARK [1][-]{section.4}{being free without going off the grid}{}% 4
\BOOKMARK [1][-]{section.5}{online presence and other technological considerations}{}% 5
\BOOKMARK [1][-]{section.6}{housing}{}% 6
\BOOKMARK [1][-]{section.7}{land}{}% 7
\BOOKMARK [1][-]{section.8}{farming}{}% 8
\BOOKMARK [1][-]{section.9}{water}{}% 9
\BOOKMARK [1][-]{section.10}{electrcity}{}% 10
\BOOKMARK [1][-]{section.11}{energy}{}% 11
\BOOKMARK [1][-]{section.12}{modern luxries}{}% 12
\BOOKMARK [1][-]{section.13}{the weather}{}% 13
\BOOKMARK [1][-]{section.14}{transportation}{}% 14
\BOOKMARK [1][-]{section.15}{traveling}{}% 15
\BOOKMARK [1][-]{section.16}{building a lab and fixing things your self}{}% 16
\BOOKMARK [1][-]{section.17}{currencies}{}% 17
\BOOKMARK [1][-]{section.18}{work}{}% 18
\BOOKMARK [1][-]{section.19}{schooling}{}% 19
\BOOKMARK [1][-]{section.20}{removing the system more so}{}% 20
\BOOKMARK [1][-]{section.21}{staring a family}{}% 21
\BOOKMARK [1][-]{section.22}{taxation}{}% 22
\BOOKMARK [1][-]{section.23}{enterainment}{}% 23
\BOOKMARK [1][-]{section.24}{visiting/vistors}{}% 24
\BOOKMARK [1][-]{section.25}{living money free}{}% 25
\BOOKMARK [1][-]{section.26}{remaining off the grid as best as you can}{}% 26
\BOOKMARK [1][-]{section.27}{Glossary}{}% 27
\BOOKMARK [1][-]{section.28}{Bibliography}{}% 28
